<?xml version="1.0" encoding="UTF-8"?>
<testng-results ignored="0" total="2" passed="2" failed="0" skipped="0">
  <reporter-output>
  </reporter-output>
  <suite started-at="2024-05-09T18:33:31 CDT" name="Master Suite" finished-at="2024-05-09T18:33:52 CDT" duration-ms="21022">
    <groups>
      <group name="Master">
        <method signature="TC001_AccountRegistrationTest.verify_account_registration()[pri:0, instance:testCases.TC001_AccountRegistrationTest@8f4ea7c]" name="verify_account_registration" class="testCases.TC001_AccountRegistrationTest"/>
        <method signature="TC002_LoginTest.veifyLogin()[pri:0, instance:testCases.TC002_LoginTest@57a3af25]" name="veifyLogin" class="testCases.TC002_LoginTest"/>
      </group> <!-- Master -->
      <group name="Sanity">
        <method signature="TC002_LoginTest.veifyLogin()[pri:0, instance:testCases.TC002_LoginTest@57a3af25]" name="veifyLogin" class="testCases.TC002_LoginTest"/>
      </group> <!-- Sanity -->
      <group name="Regression">
        <method signature="TC001_AccountRegistrationTest.verify_account_registration()[pri:0, instance:testCases.TC001_AccountRegistrationTest@8f4ea7c]" name="verify_account_registration" class="testCases.TC001_AccountRegistrationTest"/>
      </group> <!-- Regression -->
    </groups>
    <test started-at="2024-05-09T18:33:31 CDT" name="Test" finished-at="2024-05-09T18:33:52 CDT" duration-ms="21022">
      <class name="testCases.TC002_LoginTest">
        <test-method is-config="true" signature="setup(java.lang.String,java.lang.String)[pri:0, instance:testCases.TC002_LoginTest@57a3af25]" started-at="2024-05-09T18:33:44 CDT" name="setup" finished-at="2024-05-09T18:33:49 CDT" duration-ms="4674" status="PASS">
          <params>
            <param index="0">
              <value>
                <![CDATA[linux]]>
              </value>
            </param>
            <param index="1">
              <value>
                <![CDATA[firefox]]>
              </value>
            </param>
          </params>
          <reporter-output>
          </reporter-output>
        </test-method> <!-- setup -->
        <test-method signature="veifyLogin()[pri:0, instance:testCases.TC002_LoginTest@57a3af25]" started-at="2024-05-09T18:33:49 CDT" name="veifyLogin" finished-at="2024-05-09T18:33:51 CDT" duration-ms="2187" status="PASS">
          <reporter-output>
          </reporter-output>
        </test-method> <!-- veifyLogin -->
        <test-method is-config="true" signature="teardown()[pri:0, instance:testCases.TC002_LoginTest@57a3af25]" started-at="2024-05-09T18:33:51 CDT" name="teardown" finished-at="2024-05-09T18:33:52 CDT" duration-ms="742" status="PASS">
          <reporter-output>
          </reporter-output>
        </test-method> <!-- teardown -->
      </class> <!-- testCases.TC002_LoginTest -->
      <class name="testCases.TC001_AccountRegistrationTest">
        <test-method is-config="true" signature="setup(java.lang.String,java.lang.String)[pri:0, instance:testCases.TC001_AccountRegistrationTest@8f4ea7c]" started-at="2024-05-09T18:33:31 CDT" name="setup" finished-at="2024-05-09T18:33:38 CDT" duration-ms="6963" status="PASS">
          <params>
            <param index="0">
              <value>
                <![CDATA[linux]]>
              </value>
            </param>
            <param index="1">
              <value>
                <![CDATA[firefox]]>
              </value>
            </param>
          </params>
          <reporter-output>
          </reporter-output>
        </test-method> <!-- setup -->
        <test-method signature="verify_account_registration()[pri:0, instance:testCases.TC001_AccountRegistrationTest@8f4ea7c]" started-at="2024-05-09T18:33:38 CDT" name="verify_account_registration" finished-at="2024-05-09T18:33:43 CDT" duration-ms="5325" status="PASS">
          <reporter-output>
          </reporter-output>
        </test-method> <!-- verify_account_registration -->
        <test-method is-config="true" signature="teardown()[pri:0, instance:testCases.TC001_AccountRegistrationTest@8f4ea7c]" started-at="2024-05-09T18:33:43 CDT" name="teardown" finished-at="2024-05-09T18:33:44 CDT" duration-ms="756" status="PASS">
          <reporter-output>
          </reporter-output>
        </test-method> <!-- teardown -->
      </class> <!-- testCases.TC001_AccountRegistrationTest -->
    </test> <!-- Test -->
  </suite> <!-- Master Suite -->
</testng-results>
